hp-check[29283]: info: :
hp-check[29283]: info: :[01mHP Linux Imaging and Printing System (ver. 3.16.5)[0m
hp-check[29283]: info: :[01mDependency/Version Check Utility ver. 15.1[0m
hp-check[29283]: info: :
hp-check[29283]: info: :Copyright (c) 2001-15 HP Development Company, LP
hp-check[29283]: info: :This software comes with ABSOLUTELY NO WARRANTY.
hp-check[29283]: info: :This is free software, and you are welcome to distribute it
hp-check[29283]: info: :under certain conditions. See COPYING file for more details.
hp-check[29283]: info: :
hp-check[29283]: info: :[01mNote: hp-check can be run in three modes:[0m
hp-check[29283]: info: :1. Compile-time check mode (-c or --compile): Use this mode before compiling the HPLIP supplied tarball (.tar.gz or .run) to determine if the proper dependencies are installed to successfully compile     
hp-check[29283]: info: :HPLIP.                                                                                                                                                                                                      
hp-check[29283]: info: :2. Run-time check mode (-r or --run): Use this mode to determine if a distro supplied package (.deb, .rpm, etc) or an already built HPLIP supplied tarball has the proper dependencies installed to         
hp-check[29283]: info: :successfully run.                                                                                                                                                                                           
hp-check[29283]: info: :3. Both compile- and run-time check mode (-b or --both) (Default): This mode will check both of the above cases (both compile- and run-time dependencies).                                                  
hp-check[29283]: info: :
hp-check[29283]: info: :Check types:                                                                                                                                                                                                
hp-check[29283]: info: :a. EXTERNALDEP - External Dependencies                                                                                                                                                                      
hp-check[29283]: info: :b. GENERALDEP - General Dependencies (required both at compile and run time)                                                                                                                                
hp-check[29283]: info: :c. COMPILEDEP - Compile time Dependencies                                                                                                                                                                   
hp-check[29283]: info: :d. [All are run-time checks]                                                                                                                                                                                
hp-check[29283]: info: :PYEXT SCANCONF QUEUES PERMISSION                                                                                                                                                                            
hp-check[29283]: info: :
hp-check[29283]: info: :Status Types:
hp-check[29283]: info: :    OK
hp-check[29283]: info: :    MISSING       - Missing Dependency or Permission or Plug-in
hp-check[29283]: info: :    INCOMPAT      - Incompatible dependency-version or Plugin-version
hp-check[29283]: info: :
hp-check[29283]: info: :
hp-check[29283]: info: :---------------
hp-check[29283]: info: :| SYSTEM INFO |
hp-check[29283]: info: :---------------
hp-check[29283]: info: :
hp-check[29283]: info: : Kernel: 4.2.0-34-generic #39-Ubuntu SMP Thu Mar 10 22:13:01 UTC 2016 GNU/Linux
 Host: vivid
 Proc: 4.2.0-34-generic #39-Ubuntu SMP Thu Mar 10 22:13:01 UTC 2016 GNU/Linux
 Distribution: 12 15.10
hp-check[29283]: info: : Bitness: 64 bit

hp-check[29283]: info: :
hp-check[29283]: info: :-----------------------
hp-check[29283]: info: :| HPLIP CONFIGURATION |
hp-check[29283]: info: :-----------------------
hp-check[29283]: info: :
hp-check[29283]: info: :HPLIP-Version: HPLIP 3.16.5
hp-check[29283]: info: :HPLIP-Home: /usr/share/hplip
hp-check[29283]: info: :HPLIP-Installation: Auto installation is supported for ubuntu distro  15.10 version 
hp-check[29283]: info: :
hp-check[29283]: info: :[01mCurrent contents of '/etc/hp/hplip.conf' file:[0m
hp-check[29283]: info: :# hplip.conf.  Generated from hplip.conf.in by configure.

[hplip]
version=3.16.5

[dirs]
home=/usr/share/hplip
run=/var/run
ppd=/usr/share/ppd/HP
ppdbase=/usr/share/ppd
doc=/usr/share/doc/hplip-3.16.5
html=/usr/share/doc/hplip-3.16.5
icon=/usr/share/applications
cupsbackend=/usr/lib/cups/backend
cupsfilter=/usr/lib/cups/filter
drv=/usr/share/cups/drv/hp
bin=/usr/bin
apparmor=/etc/apparmor.d
# Following values are determined at configure time and cannot be changed.
[configure]
network-build=yes
libusb01-build=no
pp-build=no
gui-build=yes
scanner-build=yes
fax-build=yes
dbus-build=yes
cups11-build=no
doc-build=yes
shadow-build=no
hpijs-install=no
foomatic-drv-install=no
foomatic-ppd-install=no
foomatic-rip-hplip-install=no
hpcups-install=yes
cups-drv-install=yes
cups-ppd-install=no
internal-tag=3.16.5
restricted-build=no
ui-toolkit=qt4
qt3=no
qt4=yes
qt5=no
policy-kit=no
lite-build=no
udev_sysfs_rules=no
hpcups-only-build=no
hpijs-only-build=no
apparmor_build=no

hp-check[29283]: info: :
hp-check[29283]: info: :[01mCurrent contents of '/var/lib/hp/hplip.state' file:[0m
hp-check[29283]: info: :[plugin]
installed = 1
eula = 1
version = 3.16.5


hp-check[29283]: info: :
hp-check[29283]: info: :[01mCurrent contents of '~/.hplip/hplip.conf' file:[0m
hp-check[29283]: info: :[upgrade]
notify_upgrade = true
last_upgraded_time = 1461913132
pending_upgrade_time = 0
latest_available_version = 3.16.3

[installation]
date_time = 05/02/16 12:28:27
version = 3.16.5


hp-check[29283]: info: : <Package-name>        <Package-Desc>      <Required/Optional> <Min-Version> <Installed-Version> <Status>   <Comment>
hp-check[29283]: info: :
hp-check[29283]: info: :--------------
hp-check[29283]: info: :| COMPILEDEP |
hp-check[29283]: info: :--------------
hp-check[29283]: info: :
hp-check[29283]: info: : gcc                  gcc - GNU Project C and C++ Compiler                         REQUIRED        -               5.2.1           OK         -
hp-check[29283]: info: : make                 make - GNU make utility to maintain groups of programs       REQUIRED        3.0             4.0             OK         -
hp-check[29283]: info: : libtool              libtool - Library building support services                  REQUIRED        -               2.4.2           OK         -
hp-check[29283]: info: :
hp-check[29283]: info: :------------------------
hp-check[29283]: info: :| General Dependencies |
hp-check[29283]: info: :------------------------
hp-check[29283]: info: :
hp-check[29283]: info: : libcrypto            libcrypto - OpenSSL cryptographic library                    REQUIRED        -               1.0.2           OK         -
hp-check[29283]: info: : python-xml           Python XML libraries                                         REQUIRED        -               2.1.0           OK         -
hp-check[29283]: info: : libnetsnmp-devel     libnetsnmp-devel - SNMP networking library development files REQUIRED        5.0.9           5.7.3           OK         -
hp-check[29283]: info: : sane-devel           SANE - Scanning library development files                    REQUIRED        -               1.0.25          OK         -
hp-check[29283]: info: : pil                  PIL - Python Imaging Library (required for commandline scanning with hp-scan) OPTIONAL        -               1.1.7           OK         -
hp-check[29283]: info: : pyqt4-dbus           PyQt 4 DBus - DBus Support for PyQt4                         REQUIRED        4.0             4.11.4          OK         -
hp-check[29283]: info: : libpthread           libpthread - POSIX threads library                           REQUIRED        -               2.21            OK         -
hp-check[29283]: info: : python-devel         Python devel - Python development files                      REQUIRED        2.2             2.7.10          OK         -
hp-check[29283]: info: : cups-devel           CUPS devel- Common Unix Printing System development files    REQUIRED        -               2.1.0           OK         -
hp-check[29283]: info: : python-dbus          Python DBus - Python bindings for DBus                       REQUIRED        0.80.0          1.2.0           OK         -
hp-check[29283]: info: : cups-ddk             CUPS DDK - CUPS driver development kit                       OPTIONAL        -               -               OK         -
hp-check[29283]: info: : reportlab            Reportlab - PDF library for Python                           OPTIONAL        2.0             3.2.0           OK         -
hp-check[29283]: info: : pyqt4                PyQt 4- Qt interface for Python (for Qt version 4.x)         REQUIRED        4.0             4.11.4          OK         -
hp-check[29283]: info: : libusb               libusb - USB library                                         REQUIRED        -               1.0             OK         -
hp-check[29283]: info: : cups-image           CUPS image - CUPS image development files                    REQUIRED        -               2.1.0           OK         -
hp-check[29283]: info: : python2X             Python 2.2 or greater - Python programming language          REQUIRED        2.2             2.7.10          OK         -
hp-check[29283]: info: : python-notify        Python libnotify - Python bindings for the libnotify Desktop notifications OPTIONAL        -               -               OK         -
hp-check[29283]: info: : libjpeg              libjpeg - JPEG library                                       REQUIRED        -               -               OK         -
hp-check[29283]: info: : sane                 SANE - Scanning library                                      REQUIRED        -               1.0.25          OK         -
hp-check[29283]: info: :
hp-check[29283]: info: :----------------------
hp-check[29283]: info: :| Scan Configuration |
hp-check[29283]: info: :----------------------
hp-check[29283]: info: :
hp-check[29283]: info: : scanext              Scan-SANE-Extension                                          REQUIRED        -               3.16.5          OK         -
hp-check[29283]: info: : hpaio                HPLIP-SANE-Backend                                           REQUIRED        -               3.16.5          OK         'hpaio found in /etc/sane.d/dll.conf'
hp-check[29283]: info: :
hp-check[29283]: info: :-------------------------
hp-check[29283]: info: :| External Dependencies |
hp-check[29283]: info: :-------------------------
hp-check[29283]: info: :
hp-check[29283]: info: : gs                   GhostScript - PostScript and PDF language interpreter and previewer REQUIRED        7.05            9.16            OK         -
hp-check[29283]: info: : cups                 CUPS - Common Unix Printing System                           REQUIRED        1.1             2.1.0           OK         'CUPS Scheduler is running'
hp-check[29283]: info: : network              network -wget                                                OPTIONAL        -               1.16.1          OK         -
hp-check[29283]: info: : scanimage            scanimage - Shell scanning program                           OPTIONAL        1.0             1.0.25          OK         -
hp-check[29283]: info: : policykit            PolicyKit - Administrative policy framework                  OPTIONAL        -               0.105           OK         -
hp-check[29283]: info: : xsane                xsane - Graphical scanner frontend for SANE                  OPTIONAL        0.9             0.998           OK         -
hp-check[29283]: info: : dbus                 DBus - Message bus system                                    REQUIRED        -               1.10.0          OK         -
hp-check[29283]: info: : avahi-utils          avahi-utils                                                  OPTIONAL        -               0.6.31          OK         -
hp-check[29283]: info: :
hp-check[29283]: info: :---------------------
hp-check[29283]: info: :| Python Extentions |
hp-check[29283]: info: :---------------------
hp-check[29283]: info: :
hp-check[29283]: info: : hpmudext             IO-Extension                                                 REQUIRED        -               3.16.5          OK         -
hp-check[29283]: info: : cupsext              CUPS-Extension                                               REQUIRED        -               3.16.5          OK         -
hp-check[29283]: info: :
hp-check[29283]: info: :------------------------------
hp-check[29283]: info: :| DISCOVERED SCANNER DEVICES |
hp-check[29283]: info: :------------------------------
hp-check[29283]: info: :
hp-check[29283]: info: :device `hpaio:/net/HP_LaserJet_MFP_M427fdw?ip=15.77.46.5' is a Hewlett-Packard HP_LaserJet_MFP_M427fdw all-in-one
device `hpaio:/net/HP_LaserJet_MFP_M427fdw?ip=15.77.46.5' is a Hewlett-Packard HP_LaserJet_MFP_M427fdw all-in-one

hp-check[29283]: info: :
hp-check[29283]: info: :--------------------------
hp-check[29283]: info: :| DISCOVERED USB DEVICES |
hp-check[29283]: info: :--------------------------
hp-check[29283]: info: :
hp-check[29283]: info: :No devices found.
hp-check[29283]: info: :
hp-check[29283]: info: :---------------------------------
hp-check[29283]: info: :| INSTALLED CUPS PRINTER QUEUES |
hp-check[29283]: info: :---------------------------------
hp-check[29283]: info: :
hp-check[29283]: info: :
hp-check[29283]: info: :[01mHP_LaserJet_M9050_MFP[0m
hp-check[29283]: info: :[01m---------------------[0m
hp-check[29283]: info: :Type: Printer
hp-check[29283]: info: :Device URI: hp:/net/HP_LaserJet_M9050_MFP?hostname=psr01p116.auth.hpicorp.net
hp-check[29283]: info: :PPD: /etc/cups/ppd/HP_LaserJet_M9050_MFP.ppd
warning: Failed to read /etc/cups/ppd/HP_LaserJet_M9050_MFP.ppd ppd file
hp-check[29283]: info: :PPD Description: 
hp-check[29283]: info: :Printer status: printer HP_LaserJet_M9050_MFP is idle.  enabled since Tuesday 26 April 2016 01:33:27 PM IST
hp-check[29283]: info: :Communication status: Good
hp-check[29283]: info: :
hp-check[29283]: info: :[01mHP_LaserJet_MFP_M427fdw[0m
hp-check[29283]: info: :[01m-----------------------[0m
hp-check[29283]: info: :Type: Printer
hp-check[29283]: info: :Device URI: hp:/net/HP_LaserJet_MFP_M427fdw?ip=15.77.46.5
hp-check[29283]: info: :PPD: /etc/cups/ppd/HP_LaserJet_MFP_M427fdw.ppd
warning: Failed to read /etc/cups/ppd/HP_LaserJet_MFP_M427fdw.ppd ppd file
hp-check[29283]: info: :PPD Description: 
hp-check[29283]: info: :Printer status: printer HP_LaserJet_MFP_M427fdw is idle.  enabled since Thursday 28 April 2016 01:15:43 PM IST
hp-check[29283]: info: :Required plug-in status: Installed
hp-check[29283]: info: :Communication status: Good
hp-check[29283]: info: :
hp-check[29283]: info: :[01mHP_LaserJet_MFP_M427fdw_fax[0m
hp-check[29283]: info: :[01m---------------------------[0m
hp-check[29283]: info: :Type: Fax
hp-check[29283]: info: :Device URI: hpfax:/net/HP_LaserJet_MFP_M427fdw?ip=15.77.46.5
hp-check[29283]: info: :PPD: /etc/cups/ppd/HP_LaserJet_MFP_M427fdw_fax.ppd
warning: Failed to read /etc/cups/ppd/HP_LaserJet_MFP_M427fdw_fax.ppd ppd file
hp-check[29283]: info: :PPD Description: 
hp-check[29283]: info: :Printer status: printer HP_LaserJet_MFP_M427fdw_fax is idle.  enabled since Thursday 28 April 2016 01:15:43 PM IST
hp-check[29283]: info: :Required plug-in status: Installed
hp-check[29283]: info: :Communication status: Good
hp-check[29283]: info: :
hp-check[29283]: info: :
hp-check[29283]: info: :--------------
hp-check[29283]: info: :| PERMISSION |
hp-check[29283]: info: :--------------
hp-check[29283]: info: :
hp-check[29283]: info: :[32;01mNo errors or warnings.[0m
hp-check[29283]: info: :
hp-check[29283]: info: :Done.
